<?xml version="1.0" encoding="UTF-8"?>
<TestRun id="97c6464c-851b-40b9-a018-3bfd76c76a57" name="Jamie@JAMIE-VAIO 2013-04-24 12:44:50" runUser="JAMIE-VAIO\Jamie" xmlns="http://microsoft.com/schemas/VisualStudio/TeamTest/2010">
  <TestSettings name="Default Test Settings" id="66f7f608-709e-49a3-863b-cc886e8fc27a">
    <Execution>
      <TestTypeSpecific />
      <AgentRule name="Execution Agents">
      </AgentRule>
    </Execution>
    <Deployment runDeploymentRoot="Jamie_JAMIE-VAIO 2013-04-24 12_44_50" />
  </TestSettings>
  <Times creation="2013-04-24T12:44:50.6951460+01:00" queuing="2013-04-24T12:44:52.9492749+01:00" start="2013-04-24T12:44:53.1862884+01:00" finish="2013-04-24T12:44:54.0383372+01:00" />
  <ResultSummary outcome="Failed">
    <Counters total="1" executed="1" error="0" failed="1" timeout="0" aborted="0" inconclusive="0" passedButRunAborted="0" notRunnable="0" notExecuted="0" disconnected="0" warning="0" passed="0" completed="0" inProgress="0" pending="0" />
  </ResultSummary>
  <TestDefinitions>
    <UnitTest name="CreateSampleData" storage="c:\repositories\ravendb\ravendb.tests\bin\debug\ravendb.tests.dll" id="5d686d2f-53dd-0685-8504-8fa0bff9812a">
      <Execution timeOut="1800000" id="8797a7ec-1215-4ac9-8216-45c7d63d6fb5" />
      <TestMethod codeBase="C:/Repositories/RavenDB/RavenDB.Tests/bin/Debug/RavenDB.Tests.DLL" adapterTypeName="Microsoft.VisualStudio.TestTools.TestTypes.Unit.UnitTestAdapter, Microsoft.VisualStudio.QualityTools.Tips.UnitTest.Adapter, Version=10.0.0.0, Culture=neutral, PublicKeyToken=b03f5f7f11d50a3a" className="RavenDB.Tests.BasicTests, RavenDB.Tests, Version=1.0.0.0, Culture=neutral, PublicKeyToken=null" name="CreateSampleData" />
    </UnitTest>
  </TestDefinitions>
  <TestLists>
    <TestList name="Results Not in a List" id="8c84fa94-04c1-424b-9868-57a2d4851a1d" />
    <TestList name="All Loaded Results" id="19431567-8539-422a-85d7-44ee4e166bda" />
  </TestLists>
  <TestEntries>
    <TestEntry testId="5d686d2f-53dd-0685-8504-8fa0bff9812a" executionId="8797a7ec-1215-4ac9-8216-45c7d63d6fb5" testListId="8c84fa94-04c1-424b-9868-57a2d4851a1d" />
  </TestEntries>
  <Results>
    <UnitTestResult executionId="8797a7ec-1215-4ac9-8216-45c7d63d6fb5" testId="5d686d2f-53dd-0685-8504-8fa0bff9812a" testName="CreateSampleData" computerName="JAMIE-VAIO" duration="00:00:00.6459567" startTime="2013-04-24T12:44:53.2642929+01:00" endTime="2013-04-24T12:44:53.9723334+01:00" testType="13cdc9d9-ddb5-4fa4-a97d-d965ccfc6d4b" outcome="Failed" testListId="8c84fa94-04c1-424b-9868-57a2d4851a1d" relativeResultsDirectory="8797a7ec-1215-4ac9-8216-45c7d63d6fb5">
      <Output>
        <ErrorInfo>
          <Message>Test method RavenDB.Tests.BasicTests.CreateSampleData threw exception: 
System.InvalidOperationException: You cannot open a session or access the database commands before initializing the document store. Did you forget calling Initialize()?</Message>
          <StackTrace>    at Raven.Client.DocumentStoreBase.AssertInitialized() in c:\Builds\RavenDB-Stable\Raven.Client.Lightweight\DocumentStoreBase.cs:line 153
   at Raven.Client.Document.DocumentStore.get_DatabaseCommands() in c:\Builds\RavenDB-Stable\Raven.Client.Lightweight\Document\DocumentStore.cs:line 93
   at Raven.Client.Document.DocumentStore.OpenSession(OpenSessionOptions options) in c:\Builds\RavenDB-Stable\Raven.Client.Lightweight\Document\DocumentStore.cs:line 327
   at Raven.Client.Document.DocumentStore.OpenSession() in c:\Builds\RavenDB-Stable\Raven.Client.Lightweight\Document\DocumentStore.cs:line 308
   at RavenDB.Tests.BasicTests.CreateSampleData() in C:\Repositories\RavenDB\RavenDB.Tests\BasicTests.Tests.cs:line 61
</StackTrace>
        </ErrorInfo>
      </Output>
    </UnitTestResult>
  </Results>
</TestRun>