<?xml version="1.0" encoding="UTF-8"?>
<TestRun id="f9563f9a-b519-4ae6-b8db-883a0e46105b" name="Jamie@JAMIE-VAIO 2013-04-24 12:50:04" runUser="JAMIE-VAIO\Jamie" xmlns="http://microsoft.com/schemas/VisualStudio/TeamTest/2010">
  <TestSettings name="Default Test Settings" id="0f4a41b4-64f2-43f3-a58e-1466d100356e">
    <Execution>
      <TestTypeSpecific />
      <AgentRule name="Execution Agents">
      </AgentRule>
    </Execution>
    <Deployment runDeploymentRoot="Jamie_JAMIE-VAIO 2013-04-24 12_50_04" />
  </TestSettings>
  <Times creation="2013-04-24T12:50:04.3270847+01:00" queuing="2013-04-24T12:50:04.8551149+01:00" start="2013-04-24T12:50:05.0681271+01:00" finish="2013-04-24T12:50:07.5462688+01:00" />
  <ResultSummary outcome="Completed">
    <Counters total="1" executed="1" passed="1" error="0" failed="0" timeout="0" aborted="0" inconclusive="0" passedButRunAborted="0" notRunnable="0" notExecuted="0" disconnected="0" warning="0" completed="0" inProgress="0" pending="0" />
  </ResultSummary>
  <TestDefinitions>
    <UnitTest name="CreateSampleData" storage="c:\repositories\ravendb\ravendb.tests\bin\debug\ravendb.tests.dll" id="5d686d2f-53dd-0685-8504-8fa0bff9812a">
      <Execution timeOut="1800000" id="5e2c086b-5d98-4c05-9af0-a36ef3315bb9" />
      <TestMethod codeBase="C:/Repositories/RavenDB/RavenDB.Tests/bin/Debug/RavenDB.Tests.DLL" adapterTypeName="Microsoft.VisualStudio.TestTools.TestTypes.Unit.UnitTestAdapter, Microsoft.VisualStudio.QualityTools.Tips.UnitTest.Adapter, Version=10.0.0.0, Culture=neutral, PublicKeyToken=b03f5f7f11d50a3a" className="RavenDB.Tests.BasicTests, RavenDB.Tests, Version=1.0.0.0, Culture=neutral, PublicKeyToken=null" name="CreateSampleData" />
    </UnitTest>
  </TestDefinitions>
  <TestLists>
    <TestList name="Results Not in a List" id="8c84fa94-04c1-424b-9868-57a2d4851a1d" />
    <TestList name="All Loaded Results" id="19431567-8539-422a-85d7-44ee4e166bda" />
  </TestLists>
  <TestEntries>
    <TestEntry testId="5d686d2f-53dd-0685-8504-8fa0bff9812a" executionId="5e2c086b-5d98-4c05-9af0-a36ef3315bb9" testListId="8c84fa94-04c1-424b-9868-57a2d4851a1d" />
  </TestEntries>
  <Results>
    <UnitTestResult executionId="5e2c086b-5d98-4c05-9af0-a36ef3315bb9" testId="5d686d2f-53dd-0685-8504-8fa0bff9812a" testName="CreateSampleData" computerName="JAMIE-VAIO" duration="00:00:02.3055758" startTime="2013-04-24T12:50:05.1171299+01:00" endTime="2013-04-24T12:50:07.4792650+01:00" testType="13cdc9d9-ddb5-4fa4-a97d-d965ccfc6d4b" outcome="Passed" testListId="8c84fa94-04c1-424b-9868-57a2d4851a1d" relativeResultsDirectory="5e2c086b-5d98-4c05-9af0-a36ef3315bb9">
    </UnitTestResult>
  </Results>
</TestRun>