<?xml version="1.0" encoding="UTF-8"?>
<TestRun id="fa15c9aa-5976-4979-aca5-b98a32358735" name="Jamie@JAMIE-VAIO 2013-04-24 14:08:22" runUser="JAMIE-VAIO\Jamie" xmlns="http://microsoft.com/schemas/VisualStudio/TeamTest/2010">
  <TestSettings name="Default Test Settings" id="790604a2-0ce6-4ce7-97be-0000222021be">
    <Execution>
      <TestTypeSpecific />
      <AgentRule name="Execution Agents">
      </AgentRule>
    </Execution>
    <Deployment runDeploymentRoot="Jamie_JAMIE-VAIO 2013-04-24 14_08_22" />
  </TestSettings>
  <Times creation="2013-04-24T14:08:22.6598139+01:00" queuing="2013-04-24T14:08:23.6858726+01:00" start="2013-04-24T14:08:23.8928845+01:00" finish="2013-04-24T14:08:29.9852329+01:00" />
  <ResultSummary outcome="Completed">
    <Counters total="1" executed="1" passed="1" error="0" failed="0" timeout="0" aborted="0" inconclusive="0" passedButRunAborted="0" notRunnable="0" notExecuted="0" disconnected="0" warning="0" completed="0" inProgress="0" pending="0" />
  </ResultSummary>
  <TestDefinitions>
    <UnitTest name="CreateSampleData" storage="c:\repositories\ravendb\ravendb.tests\bin\debug\ravendb.tests.dll" id="5d686d2f-53dd-0685-8504-8fa0bff9812a">
      <Execution timeOut="1800000" id="b1efef38-5cac-4df4-b8b2-97007adbcbdb" />
      <TestMethod codeBase="C:/Repositories/RavenDB/RavenDB.Tests/bin/Debug/RavenDB.Tests.DLL" adapterTypeName="Microsoft.VisualStudio.TestTools.TestTypes.Unit.UnitTestAdapter, Microsoft.VisualStudio.QualityTools.Tips.UnitTest.Adapter, Version=10.0.0.0, Culture=neutral, PublicKeyToken=b03f5f7f11d50a3a" className="RavenDB.Tests.BasicTests, RavenDB.Tests, Version=1.0.0.0, Culture=neutral, PublicKeyToken=null" name="CreateSampleData" />
    </UnitTest>
  </TestDefinitions>
  <TestLists>
    <TestList name="Results Not in a List" id="8c84fa94-04c1-424b-9868-57a2d4851a1d" />
    <TestList name="All Loaded Results" id="19431567-8539-422a-85d7-44ee4e166bda" />
  </TestLists>
  <TestEntries>
    <TestEntry testId="5d686d2f-53dd-0685-8504-8fa0bff9812a" executionId="b1efef38-5cac-4df4-b8b2-97007adbcbdb" testListId="8c84fa94-04c1-424b-9868-57a2d4851a1d" />
  </TestEntries>
  <Results>
    <UnitTestResult executionId="b1efef38-5cac-4df4-b8b2-97007adbcbdb" testId="5d686d2f-53dd-0685-8504-8fa0bff9812a" testName="CreateSampleData" computerName="JAMIE-VAIO" duration="00:00:05.9210645" startTime="2013-04-24T14:08:23.9538880+01:00" endTime="2013-04-24T14:08:29.9312298+01:00" testType="13cdc9d9-ddb5-4fa4-a97d-d965ccfc6d4b" outcome="Passed" testListId="8c84fa94-04c1-424b-9868-57a2d4851a1d" relativeResultsDirectory="b1efef38-5cac-4df4-b8b2-97007adbcbdb">
    </UnitTestResult>
  </Results>
</TestRun>